<?xml version="1.0" encoding="utf-8"?><testsuites><testsuite name="pytest" errors="0" failures="0" skipped="0" tests="11" time="0.491" timestamp="2024-05-24T03:21:35.174693" hostname="fv-az888-662"><testcase classname="test.encoding_test" name="test_encode" time="0.002" /><testcase classname="test.encoding_test" name="test_decode" time="0.001" /><testcase classname="test.encoding_test" name="test_invalid_decode" time="0.001" /><testcase classname="test.examples_test" name="test_double" time="0.118" /><testcase classname="test.examples_test" name="test_reverse" time="0.116" /><testcase classname="test.examples_test" name="test_increment" time="0.116" /><testcase classname="test.mark_test" name="test_mark" time="0.001" /><testcase classname="test.mark_test" name="test_unmark" time="0.001" /><testcase classname="test.move_test" name="test_move" time="0.001" /><testcase classname="test.move_test" name="test_left_append" time="0.001" /><testcase classname="test.move_test" name="test_right_append" time="0.001" /></testsuite></testsuites>